<?xml version="1.0" encoding="UTF-8"?>
<testsuite xmlns:xsi="http://www.w3.org/2001/XMLSchema-instance" xsi:noNamespaceSchemaLocation="https://maven.apache.org/surefire/maven-surefire-plugin/xsd/surefire-test-report-3.0.xsd" version="3.0" name="org.example.AppTest" time="0.174" tests="16" errors="0" skipped="0" failures="0">
  <properties>
[...]
</properties>
  <testcase name="testAddStudent_Success" classname="org.example.AppTest" time="0.087"/>
  <testcase name="testNumeNonEmpty_Failure" classname="org.example.AppTest" time="0.003"/>
  <testcase name="testGroupGreaterThan0_Success" classname="org.example.AppTest" time="0.003"/>
  <testcase name="testEmailNonNull_Success" classname="org.example.AppTest" time="0.004"/>
  <testcase name="testIdNonEmpty_Failure" classname="org.example.AppTest" time="0.003"/>
  <testcase name="testNumeNonNull_Failure" classname="org.example.AppTest" time="0.002"/>
  <testcase name="testGroupGreaterThan0_Failure" classname="org.example.AppTest" time="0.007"/>
  <testcase name="testEmailNonNull_Failure" classname="org.example.AppTest" time="0.002"/>
  <testcase name="testEmailNonEmpty_Success" classname="org.example.AppTest" time="0.004"/>
  <testcase name="testIdNonNull_Success" classname="org.example.AppTest" time="0.004"/>
  <testcase name="testEmailNonEmpty_Failure" classname="org.example.AppTest" time="0.002"/>
  <testcase name="testAddStudent_Failure_ExistingStudent" classname="org.example.AppTest" time="0.007">
    <system-out><![CDATA[null
]]></system-out>
  </testcase>
  <testcase name="testIdNonNull_Failure" classname="org.example.AppTest" time="0.003"/>
  <testcase name="testNumeNonEmpty_Success" classname="org.example.AppTest" time="0.002"/>
  <testcase name="testIdNonEmpty_Success" classname="org.example.AppTest" time="0.004"/>
  <testcase name="testNumeNonNull_Success" classname="org.example.AppTest" time="0.003"/>
</testsuite>